
  .   ____          _            __ _ _
 /\\ / ___'_ __ _ _(_)_ __  __ _ \ \ \ \
( ( )\___ | '_ | '_| | '_ \/ _` | \ \ \ \
 \\/  ___)| |_)| | | | | || (_| |  ) ) ) )
  '  |____| .__|_| |_|_| |_\__, | / / / /
 =========|_|==============|___/=/_/_/_/

 :: Spring Boot ::                (v3.3.5)

2024-11-29T14:30:52.186+03:00  INFO 10292 --- [accounts] [           main] c.g.accounts.AccountsApplication         : Starting AccountsApplication v0.0.1-SNAPSHOT using Java 17.0.2 with PID 10292 (D:\Software Downloads\Spring Boot\Spring\SPRING Programming Tutorial  by Nagoor Babu Sir On 15-02-2019\VCS-Backend\Backend\Micro-services\Lobby\accounts\target\accounts-0.0.1-SNAPSHOT.jar started by tmi in D:\Software Downloads\Spring Boot\Spring\SPRING Programming Tutorial  by Nagoor Babu Sir On 15-02-2019\VCS-Backend\Backend\Micro-services\Lobby\accounts)
2024-11-29T14:30:52.198+03:00  INFO 10292 --- [accounts] [           main] c.g.accounts.AccountsApplication         : No active profile set, falling back to 1 default profile: "default"
2024-11-29T14:30:56.174+03:00  INFO 10292 --- [accounts] [           main] .s.d.r.c.RepositoryConfigurationDelegate : Bootstrapping Spring Data JPA repositories in DEFAULT mode.
2024-11-29T14:30:56.359+03:00  INFO 10292 --- [accounts] [           main] .s.d.r.c.RepositoryConfigurationDelegate : Finished Spring Data repository scanning in 159 ms. Found 2 JPA repository interfaces.
2024-11-29T14:30:58.660+03:00  INFO 10292 --- [accounts] [           main] o.s.b.w.embedded.tomcat.TomcatWebServer  : Tomcat initialized with port 8080 (http)
2024-11-29T14:30:58.715+03:00  INFO 10292 --- [accounts] [           main] o.apache.catalina.core.StandardService   : Starting service [Tomcat]
2024-11-29T14:30:58.716+03:00  INFO 10292 --- [accounts] [           main] o.apache.catalina.core.StandardEngine    : Starting Servlet engine: [Apache Tomcat/10.1.31]
2024-11-29T14:30:58.872+03:00  INFO 10292 --- [accounts] [           main] o.a.c.c.C.[Tomcat].[localhost].[/]       : Initializing Spring embedded WebApplicationContext
2024-11-29T14:30:58.874+03:00  INFO 10292 --- [accounts] [           main] w.s.c.ServletWebServerApplicationContext : Root WebApplicationContext: initialization completed in 6466 ms
2024-11-29T14:30:59.221+03:00  INFO 10292 --- [accounts] [           main] com.zaxxer.hikari.HikariDataSource       : HikariPool-1 - Starting...
2024-11-29T14:30:59.818+03:00  INFO 10292 --- [accounts] [           main] com.zaxxer.hikari.pool.HikariPool        : HikariPool-1 - Added connection conn0: url=jdbc:h2:mem:testdb user=SA
2024-11-29T14:30:59.821+03:00  INFO 10292 --- [accounts] [           main] com.zaxxer.hikari.HikariDataSource       : HikariPool-1 - Start completed.
2024-11-29T14:30:59.846+03:00  INFO 10292 --- [accounts] [           main] o.s.b.a.h2.H2ConsoleAutoConfiguration    : H2 console available at '/h2-console'. Database available at 'jdbc:h2:mem:testdb'
2024-11-29T14:31:00.443+03:00  INFO 10292 --- [accounts] [           main] o.hibernate.jpa.internal.util.LogHelper  : HHH000204: Processing PersistenceUnitInfo [name: default]
2024-11-29T14:31:00.614+03:00  INFO 10292 --- [accounts] [           main] org.hibernate.Version                    : HHH000412: Hibernate ORM core version 6.5.3.Final
2024-11-29T14:31:00.725+03:00  INFO 10292 --- [accounts] [           main] o.h.c.internal.RegionFactoryInitiator    : HHH000026: Second-level cache disabled
2024-11-29T14:31:01.380+03:00  INFO 10292 --- [accounts] [           main] o.s.o.j.p.SpringPersistenceUnitInfo      : No LoadTimeWeaver setup: ignoring JPA class transformer
2024-11-29T14:31:01.477+03:00  WARN 10292 --- [accounts] [           main] org.hibernate.orm.deprecation            : HHH90000025: H2Dialect does not need to be specified explicitly using 'hibernate.dialect' (remove the property setting and it will be selected by default)
2024-11-29T14:31:03.443+03:00  INFO 10292 --- [accounts] [           main] o.h.e.t.j.p.i.JtaPlatformInitiator       : HHH000489: No JTA platform available (set 'hibernate.transaction.jta.platform' to enable JTA platform integration)
Hibernate: alter table if exists accounts alter column account_number set data type bigint
Hibernate: alter table if exists accounts alter column created_at set data type timestamp(6)
Hibernate: alter table if exists accounts alter column created_by set data type varchar(255)
Hibernate: alter table if exists accounts alter column updated_at set data type timestamp(6)
Hibernate: alter table if exists accounts alter column updated_by set data type varchar(255)
Hibernate: alter table if exists accounts alter column account_type set data type varchar(255)
Hibernate: alter table if exists accounts alter column branch_address set data type varchar(255)
Hibernate: alter table if exists accounts alter column customer_id set data type bigint
Hibernate: alter table if exists customer alter column customer_id set data type bigint
Hibernate: alter table if exists customer alter column created_at set data type timestamp(6)
Hibernate: alter table if exists customer alter column created_by set data type varchar(255)
Hibernate: alter table if exists customer alter column updated_at set data type timestamp(6)
Hibernate: alter table if exists customer alter column updated_by set data type varchar(255)
Hibernate: alter table if exists customer alter column email set data type varchar(255)
Hibernate: alter table if exists customer alter column mobile_number set data type varchar(255)
Hibernate: alter table if exists customer alter column name set data type varchar(255)
2024-11-29T14:31:03.586+03:00  INFO 10292 --- [accounts] [           main] j.LocalContainerEntityManagerFactoryBean : Initialized JPA EntityManagerFactory for persistence unit 'default'
2024-11-29T14:31:06.621+03:00  WARN 10292 --- [accounts] [           main] JpaBaseConfiguration$JpaWebConfiguration : spring.jpa.open-in-view is enabled by default. Therefore, database queries may be performed during view rendering. Explicitly configure spring.jpa.open-in-view to disable this warning
2024-11-29T14:31:11.732+03:00  INFO 10292 --- [accounts] [           main] o.s.b.a.e.web.EndpointLinksResolver      : Exposing 1 endpoint beneath base path '/actuator'
2024-11-29T14:31:12.318+03:00  INFO 10292 --- [accounts] [           main] o.s.b.w.embedded.tomcat.TomcatWebServer  : Tomcat started on port 8080 (http) with context path '/'
2024-11-29T14:31:12.420+03:00  INFO 10292 --- [accounts] [           main] c.g.accounts.AccountsApplication         : Started AccountsApplication in 21.608 seconds (process running for 23.667)
2024-11-29T14:32:47.047+03:00  INFO 10292 --- [accounts] [ionShutdownHook] j.LocalContainerEntityManagerFactoryBean : Closing JPA EntityManagerFactory for persistence unit 'default'
2024-11-29T14:32:47.053+03:00  INFO 10292 --- [accounts] [ionShutdownHook] com.zaxxer.hikari.HikariDataSource       : HikariPool-1 - Shutdown initiated...
2024-11-29T14:32:47.070+03:00  INFO 10292 --- [accounts] [ionShutdownHook] com.zaxxer.hikari.HikariDataSource       : HikariPool-1 - Shutdown completed.

  .   ____          _            __ _ _
 /\\ / ___'_ __ _ _(_)_ __  __ _ \ \ \ \
( ( )\___ | '_ | '_| | '_ \/ _` | \ \ \ \
 \\/  ___)| |_)| | | | | || (_| |  ) ) ) )
  '  |____| .__|_| |_|_| |_\__, | / / / /
 =========|_|==============|___/=/_/_/_/

 :: Spring Boot ::                (v3.3.5)

2024-11-29T14:33:59.354+03:00  INFO 1176 --- [accounts] [           main] c.g.accounts.AccountsApplication         : Starting AccountsApplication v0.0.1-SNAPSHOT using Java 17.0.2 with PID 1176 (D:\Software Downloads\Spring Boot\Spring\SPRING Programming Tutorial  by Nagoor Babu Sir On 15-02-2019\VCS-Backend\Backend\Micro-services\Lobby\accounts\target\accounts-0.0.1-SNAPSHOT.jar started by tmi in D:\Software Downloads\Spring Boot\Spring\SPRING Programming Tutorial  by Nagoor Babu Sir On 15-02-2019\VCS-Backend\Backend\Micro-services\Lobby\accounts)
2024-11-29T14:33:59.359+03:00  INFO 1176 --- [accounts] [           main] c.g.accounts.AccountsApplication         : No active profile set, falling back to 1 default profile: "default"
2024-11-29T14:34:04.194+03:00  INFO 1176 --- [accounts] [           main] .s.d.r.c.RepositoryConfigurationDelegate : Bootstrapping Spring Data JPA repositories in DEFAULT mode.
2024-11-29T14:34:04.356+03:00  INFO 1176 --- [accounts] [           main] .s.d.r.c.RepositoryConfigurationDelegate : Finished Spring Data repository scanning in 141 ms. Found 2 JPA repository interfaces.
2024-11-29T14:34:08.748+03:00  INFO 1176 --- [accounts] [           main] o.s.b.w.embedded.tomcat.TomcatWebServer  : Tomcat initialized with port 8080 (http)
2024-11-29T14:34:08.781+03:00  INFO 1176 --- [accounts] [           main] o.apache.catalina.core.StandardService   : Starting service [Tomcat]
2024-11-29T14:34:08.781+03:00  INFO 1176 --- [accounts] [           main] o.apache.catalina.core.StandardEngine    : Starting Servlet engine: [Apache Tomcat/10.1.31]
2024-11-29T14:34:08.994+03:00  INFO 1176 --- [accounts] [           main] o.a.c.c.C.[Tomcat].[localhost].[/]       : Initializing Spring embedded WebApplicationContext
2024-11-29T14:34:08.997+03:00  INFO 1176 --- [accounts] [           main] w.s.c.ServletWebServerApplicationContext : Root WebApplicationContext: initialization completed in 9416 ms
2024-11-29T14:34:09.523+03:00  INFO 1176 --- [accounts] [           main] com.zaxxer.hikari.HikariDataSource       : HikariPool-1 - Starting...
2024-11-29T14:34:10.195+03:00  INFO 1176 --- [accounts] [           main] com.zaxxer.hikari.pool.HikariPool        : HikariPool-1 - Added connection conn0: url=jdbc:h2:mem:testdb user=SA
2024-11-29T14:34:10.198+03:00  INFO 1176 --- [accounts] [           main] com.zaxxer.hikari.HikariDataSource       : HikariPool-1 - Start completed.
2024-11-29T14:34:10.220+03:00  INFO 1176 --- [accounts] [           main] o.s.b.a.h2.H2ConsoleAutoConfiguration    : H2 console available at '/h2-console'. Database available at 'jdbc:h2:mem:testdb'
2024-11-29T14:34:15.647+03:00  INFO 1176 --- [accounts] [           main] o.hibernate.jpa.internal.util.LogHelper  : HHH000204: Processing PersistenceUnitInfo [name: default]
2024-11-29T14:34:15.941+03:00  INFO 1176 --- [accounts] [           main] org.hibernate.Version                    : HHH000412: Hibernate ORM core version 6.5.3.Final
2024-11-29T14:34:16.063+03:00  INFO 1176 --- [accounts] [           main] o.h.c.internal.RegionFactoryInitiator    : HHH000026: Second-level cache disabled
2024-11-29T14:34:17.342+03:00  INFO 1176 --- [accounts] [           main] o.s.o.j.p.SpringPersistenceUnitInfo      : No LoadTimeWeaver setup: ignoring JPA class transformer
2024-11-29T14:34:17.569+03:00  WARN 1176 --- [accounts] [           main] org.hibernate.orm.deprecation            : HHH90000025: H2Dialect does not need to be specified explicitly using 'hibernate.dialect' (remove the property setting and it will be selected by default)
2024-11-29T14:34:20.112+03:00  INFO 1176 --- [accounts] [           main] o.h.e.t.j.p.i.JtaPlatformInitiator       : HHH000489: No JTA platform available (set 'hibernate.transaction.jta.platform' to enable JTA platform integration)
Hibernate: alter table if exists accounts alter column account_number set data type bigint
Hibernate: alter table if exists accounts alter column created_at set data type timestamp(6)
Hibernate: alter table if exists accounts alter column created_by set data type varchar(255)
Hibernate: alter table if exists accounts alter column updated_at set data type timestamp(6)
Hibernate: alter table if exists accounts alter column updated_by set data type varchar(255)
Hibernate: alter table if exists accounts alter column account_type set data type varchar(255)
Hibernate: alter table if exists accounts alter column branch_address set data type varchar(255)
Hibernate: alter table if exists accounts alter column customer_id set data type bigint
Hibernate: alter table if exists customer alter column customer_id set data type bigint
Hibernate: alter table if exists customer alter column created_at set data type timestamp(6)
Hibernate: alter table if exists customer alter column created_by set data type varchar(255)
Hibernate: alter table if exists customer alter column updated_at set data type timestamp(6)
Hibernate: alter table if exists customer alter column updated_by set data type varchar(255)
Hibernate: alter table if exists customer alter column email set data type varchar(255)
Hibernate: alter table if exists customer alter column mobile_number set data type varchar(255)
Hibernate: alter table if exists customer alter column name set data type varchar(255)
2024-11-29T14:34:20.262+03:00  INFO 1176 --- [accounts] [           main] j.LocalContainerEntityManagerFactoryBean : Initialized JPA EntityManagerFactory for persistence unit 'default'
2024-11-29T14:34:22.917+03:00  WARN 1176 --- [accounts] [           main] JpaBaseConfiguration$JpaWebConfiguration : spring.jpa.open-in-view is enabled by default. Therefore, database queries may be performed during view rendering. Explicitly configure spring.jpa.open-in-view to disable this warning
2024-11-29T14:34:28.708+03:00  INFO 1176 --- [accounts] [           main] o.s.b.a.e.web.EndpointLinksResolver      : Exposing 1 endpoint beneath base path '/actuator'
2024-11-29T14:34:29.039+03:00  INFO 1176 --- [accounts] [           main] o.s.b.w.embedded.tomcat.TomcatWebServer  : Tomcat started on port 8080 (http) with context path '/'
2024-11-29T14:34:29.322+03:00  INFO 1176 --- [accounts] [           main] c.g.accounts.AccountsApplication         : Started AccountsApplication in 31.631 seconds (process running for 33.138)
2024-11-29T14:34:42.594+03:00  INFO 1176 --- [accounts] [nio-8080-exec-1] o.a.c.c.C.[Tomcat].[localhost].[/]       : Initializing Spring DispatcherServlet 'dispatcherServlet'
2024-11-29T14:34:42.595+03:00  INFO 1176 --- [accounts] [nio-8080-exec-1] o.s.web.servlet.DispatcherServlet        : Initializing Servlet 'dispatcherServlet'
2024-11-29T14:34:42.597+03:00  INFO 1176 --- [accounts] [nio-8080-exec-1] o.s.web.servlet.DispatcherServlet        : Completed initialization in 2 ms
Hibernate: select c1_0.customer_id,c1_0.created_at,c1_0.created_by,c1_0.email,c1_0.mobile_number,c1_0.name,c1_0.updated_at,c1_0.updated_by from customer c1_0 where c1_0.mobile_number=?
Hibernate: insert into customer (created_at,created_by,email,mobile_number,name,customer_id) values (?,?,?,?,?,default)
Hibernate: select a1_0.account_number,a1_0.account_type,a1_0.branch_address,a1_0.created_at,a1_0.created_by,a1_0.customer_id,a1_0.updated_at,a1_0.updated_by from accounts a1_0 where a1_0.account_number=?
Hibernate: insert into accounts (account_type,branch_address,created_at,created_by,customer_id,account_number) values (?,?,?,?,?,?)
2024-11-29T14:35:46.678+03:00  INFO 1176 --- [accounts] [ionShutdownHook] j.LocalContainerEntityManagerFactoryBean : Closing JPA EntityManagerFactory for persistence unit 'default'
2024-11-29T14:35:46.686+03:00  INFO 1176 --- [accounts] [ionShutdownHook] com.zaxxer.hikari.HikariDataSource       : HikariPool-1 - Shutdown initiated...
2024-11-29T14:35:46.734+03:00  INFO 1176 --- [accounts] [ionShutdownHook] com.zaxxer.hikari.HikariDataSource       : HikariPool-1 - Shutdown completed.

  .   ____          _            __ _ _
 /\\ / ___'_ __ _ _(_)_ __  __ _ \ \ \ \
( ( )\___ | '_ | '_| | '_ \/ _` | \ \ \ \
 \\/  ___)| |_)| | | | | || (_| |  ) ) ) )
  '  |____| .__|_| |_|_| |_\__, | / / / /
 =========|_|==============|___/=/_/_/_/

 :: Spring Boot ::                (v3.3.5)

2024-11-29T14:49:18.762+03:00  INFO 19700 --- [accounts] [           main] c.g.accounts.AccountsApplication         : Starting AccountsApplication v0.0.1-SNAPSHOT using Java 17.0.2 with PID 19700 (D:\Software Downloads\Spring Boot\Spring\SPRING Programming Tutorial  by Nagoor Babu Sir On 15-02-2019\VCS-Backend\Backend\Micro-services\Lobby\accounts\target\accounts-0.0.1-SNAPSHOT.jar started by tmi in D:\Software Downloads\Spring Boot\Spring\SPRING Programming Tutorial  by Nagoor Babu Sir On 15-02-2019\VCS-Backend\Backend\Micro-services\Lobby\accounts)
2024-11-29T14:49:18.768+03:00  INFO 19700 --- [accounts] [           main] c.g.accounts.AccountsApplication         : No active profile set, falling back to 1 default profile: "default"
2024-11-29T14:49:24.163+03:00  INFO 19700 --- [accounts] [           main] .s.d.r.c.RepositoryConfigurationDelegate : Bootstrapping Spring Data JPA repositories in DEFAULT mode.
2024-11-29T14:49:24.349+03:00  INFO 19700 --- [accounts] [           main] .s.d.r.c.RepositoryConfigurationDelegate : Finished Spring Data repository scanning in 167 ms. Found 2 JPA repository interfaces.
2024-11-29T14:49:27.545+03:00  INFO 19700 --- [accounts] [           main] o.s.b.w.embedded.tomcat.TomcatWebServer  : Tomcat initialized with port 8080 (http)
2024-11-29T14:49:27.592+03:00  INFO 19700 --- [accounts] [           main] o.apache.catalina.core.StandardService   : Starting service [Tomcat]
2024-11-29T14:49:27.592+03:00  INFO 19700 --- [accounts] [           main] o.apache.catalina.core.StandardEngine    : Starting Servlet engine: [Apache Tomcat/10.1.31]
2024-11-29T14:49:27.803+03:00  INFO 19700 --- [accounts] [           main] o.a.c.c.C.[Tomcat].[localhost].[/]       : Initializing Spring embedded WebApplicationContext
2024-11-29T14:49:27.813+03:00  INFO 19700 --- [accounts] [           main] w.s.c.ServletWebServerApplicationContext : Root WebApplicationContext: initialization completed in 8812 ms
2024-11-29T14:49:28.387+03:00  INFO 19700 --- [accounts] [           main] com.zaxxer.hikari.HikariDataSource       : HikariPool-1 - Starting...
2024-11-29T14:49:29.303+03:00  INFO 19700 --- [accounts] [           main] com.zaxxer.hikari.pool.HikariPool        : HikariPool-1 - Added connection conn0: url=jdbc:h2:mem:testdb user=SA
2024-11-29T14:49:29.309+03:00  INFO 19700 --- [accounts] [           main] com.zaxxer.hikari.HikariDataSource       : HikariPool-1 - Start completed.
2024-11-29T14:49:29.348+03:00  INFO 19700 --- [accounts] [           main] o.s.b.a.h2.H2ConsoleAutoConfiguration    : H2 console available at '/h2-console'. Database available at 'jdbc:h2:mem:testdb'
2024-11-29T14:49:30.311+03:00  INFO 19700 --- [accounts] [           main] o.hibernate.jpa.internal.util.LogHelper  : HHH000204: Processing PersistenceUnitInfo [name: default]
2024-11-29T14:49:30.534+03:00  INFO 19700 --- [accounts] [           main] org.hibernate.Version                    : HHH000412: Hibernate ORM core version 6.5.3.Final
2024-11-29T14:49:30.644+03:00  INFO 19700 --- [accounts] [           main] o.h.c.internal.RegionFactoryInitiator    : HHH000026: Second-level cache disabled
2024-11-29T14:49:31.643+03:00  INFO 19700 --- [accounts] [           main] o.s.o.j.p.SpringPersistenceUnitInfo      : No LoadTimeWeaver setup: ignoring JPA class transformer
2024-11-29T14:49:31.805+03:00  WARN 19700 --- [accounts] [           main] org.hibernate.orm.deprecation            : HHH90000025: H2Dialect does not need to be specified explicitly using 'hibernate.dialect' (remove the property setting and it will be selected by default)
2024-11-29T14:49:34.191+03:00  INFO 19700 --- [accounts] [           main] o.h.e.t.j.p.i.JtaPlatformInitiator       : HHH000489: No JTA platform available (set 'hibernate.transaction.jta.platform' to enable JTA platform integration)
Hibernate: alter table if exists accounts alter column account_number set data type bigint
Hibernate: alter table if exists accounts alter column created_at set data type timestamp(6)
Hibernate: alter table if exists accounts alter column created_by set data type varchar(255)
Hibernate: alter table if exists accounts alter column updated_at set data type timestamp(6)
Hibernate: alter table if exists accounts alter column updated_by set data type varchar(255)
Hibernate: alter table if exists accounts alter column account_type set data type varchar(255)
Hibernate: alter table if exists accounts alter column branch_address set data type varchar(255)
Hibernate: alter table if exists accounts alter column customer_id set data type bigint
Hibernate: alter table if exists customer alter column customer_id set data type bigint
Hibernate: alter table if exists customer alter column created_at set data type timestamp(6)
Hibernate: alter table if exists customer alter column created_by set data type varchar(255)
Hibernate: alter table if exists customer alter column updated_at set data type timestamp(6)
Hibernate: alter table if exists customer alter column updated_by set data type varchar(255)
Hibernate: alter table if exists customer alter column email set data type varchar(255)
Hibernate: alter table if exists customer alter column mobile_number set data type varchar(255)
Hibernate: alter table if exists customer alter column name set data type varchar(255)
2024-11-29T14:49:34.349+03:00  INFO 19700 --- [accounts] [           main] j.LocalContainerEntityManagerFactoryBean : Initialized JPA EntityManagerFactory for persistence unit 'default'
2024-11-29T14:49:40.252+03:00  WARN 19700 --- [accounts] [           main] JpaBaseConfiguration$JpaWebConfiguration : spring.jpa.open-in-view is enabled by default. Therefore, database queries may be performed during view rendering. Explicitly configure spring.jpa.open-in-view to disable this warning
2024-11-29T14:49:46.111+03:00  INFO 19700 --- [accounts] [           main] o.s.b.a.e.web.EndpointLinksResolver      : Exposing 1 endpoint beneath base path '/actuator'
2024-11-29T14:49:46.719+03:00  WARN 19700 --- [accounts] [           main] ConfigServletWebServerApplicationContext : Exception encountered during context initialization - cancelling refresh attempt: org.springframework.context.ApplicationContextException: Failed to start bean 'webServerStartStop'
2024-11-29T14:49:46.740+03:00  INFO 19700 --- [accounts] [           main] j.LocalContainerEntityManagerFactoryBean : Closing JPA EntityManagerFactory for persistence unit 'default'
2024-11-29T14:49:46.753+03:00  INFO 19700 --- [accounts] [           main] com.zaxxer.hikari.HikariDataSource       : HikariPool-1 - Shutdown initiated...
2024-11-29T14:49:46.944+03:00  INFO 19700 --- [accounts] [           main] com.zaxxer.hikari.HikariDataSource       : HikariPool-1 - Shutdown completed.
2024-11-29T14:49:47.113+03:00  INFO 19700 --- [accounts] [           main] .s.b.a.l.ConditionEvaluationReportLogger : 

Error starting ApplicationContext. To display the condition evaluation report re-run your application with 'debug' enabled.
2024-11-29T14:49:47.220+03:00 ERROR 19700 --- [accounts] [           main] o.s.b.d.LoggingFailureAnalysisReporter   : 

***************************
APPLICATION FAILED TO START
***************************

Description:

Web server failed to start. Port 8080 was already in use.

Action:

Identify and stop the process that's listening on port 8080 or configure this application to listen on another port.


  .   ____          _            __ _ _
 /\\ / ___'_ __ _ _(_)_ __  __ _ \ \ \ \
( ( )\___ | '_ | '_| | '_ \/ _` | \ \ \ \
 \\/  ___)| |_)| | | | | || (_| |  ) ) ) )
  '  |____| .__|_| |_|_| |_\__, | / / / /
 =========|_|==============|___/=/_/_/_/

 :: Spring Boot ::                (v3.3.5)

2024-11-29T15:34:08.370+03:00  INFO 14148 --- [accounts] [           main] c.g.accounts.AccountsApplication         : Starting AccountsApplication v0.0.1-SNAPSHOT using Java 17.0.2 with PID 14148 (D:\Software Downloads\Spring Boot\Spring\SPRING Programming Tutorial  by Nagoor Babu Sir On 15-02-2019\VCS-Backend\Backend\Micro-services\Lobby\accounts\target\accounts-0.0.1-SNAPSHOT.jar started by tmi in D:\Software Downloads\Spring Boot\Spring\SPRING Programming Tutorial  by Nagoor Babu Sir On 15-02-2019\VCS-Backend\Backend\Micro-services\Lobby\accounts)
2024-11-29T15:34:08.380+03:00  INFO 14148 --- [accounts] [           main] c.g.accounts.AccountsApplication         : No active profile set, falling back to 1 default profile: "default"
2024-11-29T15:34:12.599+03:00  INFO 14148 --- [accounts] [           main] .s.d.r.c.RepositoryConfigurationDelegate : Bootstrapping Spring Data JPA repositories in DEFAULT mode.
2024-11-29T15:34:12.796+03:00  INFO 14148 --- [accounts] [           main] .s.d.r.c.RepositoryConfigurationDelegate : Finished Spring Data repository scanning in 160 ms. Found 2 JPA repository interfaces.
2024-11-29T15:34:16.373+03:00  INFO 14148 --- [accounts] [           main] o.s.b.w.embedded.tomcat.TomcatWebServer  : Tomcat initialized with port 8080 (http)
2024-11-29T15:34:16.400+03:00  INFO 14148 --- [accounts] [           main] o.apache.catalina.core.StandardService   : Starting service [Tomcat]
2024-11-29T15:34:16.400+03:00  INFO 14148 --- [accounts] [           main] o.apache.catalina.core.StandardEngine    : Starting Servlet engine: [Apache Tomcat/10.1.31]
2024-11-29T15:34:16.530+03:00  INFO 14148 --- [accounts] [           main] o.a.c.c.C.[Tomcat].[localhost].[/]       : Initializing Spring embedded WebApplicationContext
2024-11-29T15:34:16.532+03:00  INFO 14148 --- [accounts] [           main] w.s.c.ServletWebServerApplicationContext : Root WebApplicationContext: initialization completed in 7840 ms
2024-11-29T15:34:16.899+03:00  INFO 14148 --- [accounts] [           main] com.zaxxer.hikari.HikariDataSource       : HikariPool-1 - Starting...
2024-11-29T15:34:17.586+03:00  INFO 14148 --- [accounts] [           main] com.zaxxer.hikari.pool.HikariPool        : HikariPool-1 - Added connection conn0: url=jdbc:h2:mem:testdb user=SA
2024-11-29T15:34:17.589+03:00  INFO 14148 --- [accounts] [           main] com.zaxxer.hikari.HikariDataSource       : HikariPool-1 - Start completed.
2024-11-29T15:34:17.609+03:00  INFO 14148 --- [accounts] [           main] o.s.b.a.h2.H2ConsoleAutoConfiguration    : H2 console available at '/h2-console'. Database available at 'jdbc:h2:mem:testdb'
2024-11-29T15:34:18.185+03:00  INFO 14148 --- [accounts] [           main] o.hibernate.jpa.internal.util.LogHelper  : HHH000204: Processing PersistenceUnitInfo [name: default]
2024-11-29T15:34:18.403+03:00  INFO 14148 --- [accounts] [           main] org.hibernate.Version                    : HHH000412: Hibernate ORM core version 6.5.3.Final
2024-11-29T15:34:18.523+03:00  INFO 14148 --- [accounts] [           main] o.h.c.internal.RegionFactoryInitiator    : HHH000026: Second-level cache disabled
2024-11-29T15:34:19.333+03:00  INFO 14148 --- [accounts] [           main] o.s.o.j.p.SpringPersistenceUnitInfo      : No LoadTimeWeaver setup: ignoring JPA class transformer
2024-11-29T15:34:19.471+03:00  WARN 14148 --- [accounts] [           main] org.hibernate.orm.deprecation            : HHH90000025: H2Dialect does not need to be specified explicitly using 'hibernate.dialect' (remove the property setting and it will be selected by default)
2024-11-29T15:34:21.766+03:00  INFO 14148 --- [accounts] [           main] o.h.e.t.j.p.i.JtaPlatformInitiator       : HHH000489: No JTA platform available (set 'hibernate.transaction.jta.platform' to enable JTA platform integration)
Hibernate: alter table if exists accounts alter column account_number set data type bigint
Hibernate: alter table if exists accounts alter column created_at set data type timestamp(6)
Hibernate: alter table if exists accounts alter column created_by set data type varchar(255)
Hibernate: alter table if exists accounts alter column updated_at set data type timestamp(6)
Hibernate: alter table if exists accounts alter column updated_by set data type varchar(255)
Hibernate: alter table if exists accounts alter column account_type set data type varchar(255)
Hibernate: alter table if exists accounts alter column branch_address set data type varchar(255)
Hibernate: alter table if exists accounts alter column customer_id set data type bigint
Hibernate: alter table if exists customer alter column customer_id set data type bigint
Hibernate: alter table if exists customer alter column created_at set data type timestamp(6)
Hibernate: alter table if exists customer alter column created_by set data type varchar(255)
Hibernate: alter table if exists customer alter column updated_at set data type timestamp(6)
Hibernate: alter table if exists customer alter column updated_by set data type varchar(255)
Hibernate: alter table if exists customer alter column email set data type varchar(255)
Hibernate: alter table if exists customer alter column mobile_number set data type varchar(255)
Hibernate: alter table if exists customer alter column name set data type varchar(255)
2024-11-29T15:34:21.942+03:00  INFO 14148 --- [accounts] [           main] j.LocalContainerEntityManagerFactoryBean : Initialized JPA EntityManagerFactory for persistence unit 'default'
2024-11-29T15:34:25.035+03:00  WARN 14148 --- [accounts] [           main] JpaBaseConfiguration$JpaWebConfiguration : spring.jpa.open-in-view is enabled by default. Therefore, database queries may be performed during view rendering. Explicitly configure spring.jpa.open-in-view to disable this warning
2024-11-29T15:34:27.627+03:00  INFO 14148 --- [accounts] [           main] o.s.b.a.e.web.EndpointLinksResolver      : Exposing 1 endpoint beneath base path '/actuator'
2024-11-29T15:34:28.053+03:00  INFO 14148 --- [accounts] [           main] o.s.b.w.embedded.tomcat.TomcatWebServer  : Tomcat started on port 8080 (http) with context path '/'
2024-11-29T15:34:28.120+03:00  INFO 14148 --- [accounts] [           main] c.g.accounts.AccountsApplication         : Started AccountsApplication in 21.356 seconds (process running for 22.938)
2024-11-29T15:35:14.016+03:00  INFO 14148 --- [accounts] [nio-8080-exec-2] o.a.c.c.C.[Tomcat].[localhost].[/]       : Initializing Spring DispatcherServlet 'dispatcherServlet'
2024-11-29T15:35:14.017+03:00  INFO 14148 --- [accounts] [nio-8080-exec-2] o.s.web.servlet.DispatcherServlet        : Initializing Servlet 'dispatcherServlet'
2024-11-29T15:35:14.019+03:00  INFO 14148 --- [accounts] [nio-8080-exec-2] o.s.web.servlet.DispatcherServlet        : Completed initialization in 2 ms
Hibernate: select c1_0.customer_id,c1_0.created_at,c1_0.created_by,c1_0.email,c1_0.mobile_number,c1_0.name,c1_0.updated_at,c1_0.updated_by from customer c1_0 where c1_0.mobile_number=?
2024-11-29T15:36:02.334+03:00  INFO 14148 --- [accounts] [ionShutdownHook] j.LocalContainerEntityManagerFactoryBean : Closing JPA EntityManagerFactory for persistence unit 'default'
2024-11-29T15:36:02.338+03:00  INFO 14148 --- [accounts] [ionShutdownHook] com.zaxxer.hikari.HikariDataSource       : HikariPool-1 - Shutdown initiated...
2024-11-29T15:36:02.351+03:00  INFO 14148 --- [accounts] [ionShutdownHook] com.zaxxer.hikari.HikariDataSource       : HikariPool-1 - Shutdown completed.

  .   ____          _            __ _ _
 /\\ / ___'_ __ _ _(_)_ __  __ _ \ \ \ \
( ( )\___ | '_ | '_| | '_ \/ _` | \ \ \ \
 \\/  ___)| |_)| | | | | || (_| |  ) ) ) )
  '  |____| .__|_| |_|_| |_\__, | / / / /
 =========|_|==============|___/=/_/_/_/

 :: Spring Boot ::                (v3.3.5)

2024-11-29T15:36:37.738+03:00  INFO 18384 --- [accounts] [           main] c.g.accounts.AccountsApplication         : Starting AccountsApplication v0.0.1-SNAPSHOT using Java 17.0.2 with PID 18384 (D:\Software Downloads\Spring Boot\Spring\SPRING Programming Tutorial  by Nagoor Babu Sir On 15-02-2019\VCS-Backend\Backend\Micro-services\Lobby\accounts\target\accounts-0.0.1-SNAPSHOT.jar started by tmi in D:\Software Downloads\Spring Boot\Spring\SPRING Programming Tutorial  by Nagoor Babu Sir On 15-02-2019\VCS-Backend\Backend\Micro-services\Lobby\accounts)
2024-11-29T15:36:37.746+03:00  INFO 18384 --- [accounts] [           main] c.g.accounts.AccountsApplication         : No active profile set, falling back to 1 default profile: "default"
2024-11-29T15:36:44.497+03:00  INFO 18384 --- [accounts] [           main] .s.d.r.c.RepositoryConfigurationDelegate : Bootstrapping Spring Data JPA repositories in DEFAULT mode.
2024-11-29T15:36:44.757+03:00  INFO 18384 --- [accounts] [           main] .s.d.r.c.RepositoryConfigurationDelegate : Finished Spring Data repository scanning in 230 ms. Found 2 JPA repository interfaces.
2024-11-29T15:36:47.187+03:00  INFO 18384 --- [accounts] [           main] o.s.b.w.embedded.tomcat.TomcatWebServer  : Tomcat initialized with port 8080 (http)
2024-11-29T15:36:47.222+03:00  INFO 18384 --- [accounts] [           main] o.apache.catalina.core.StandardService   : Starting service [Tomcat]
2024-11-29T15:36:47.223+03:00  INFO 18384 --- [accounts] [           main] o.apache.catalina.core.StandardEngine    : Starting Servlet engine: [Apache Tomcat/10.1.31]
2024-11-29T15:36:47.410+03:00  INFO 18384 --- [accounts] [           main] o.a.c.c.C.[Tomcat].[localhost].[/]       : Initializing Spring embedded WebApplicationContext
2024-11-29T15:36:47.414+03:00  INFO 18384 --- [accounts] [           main] w.s.c.ServletWebServerApplicationContext : Root WebApplicationContext: initialization completed in 9451 ms
2024-11-29T15:36:47.783+03:00  INFO 18384 --- [accounts] [           main] com.zaxxer.hikari.HikariDataSource       : HikariPool-1 - Starting...
2024-11-29T15:36:48.450+03:00  INFO 18384 --- [accounts] [           main] com.zaxxer.hikari.pool.HikariPool        : HikariPool-1 - Added connection conn0: url=jdbc:h2:mem:testdb user=SA
2024-11-29T15:36:48.453+03:00  INFO 18384 --- [accounts] [           main] com.zaxxer.hikari.HikariDataSource       : HikariPool-1 - Start completed.
2024-11-29T15:36:48.470+03:00  INFO 18384 --- [accounts] [           main] o.s.b.a.h2.H2ConsoleAutoConfiguration    : H2 console available at '/h2-console'. Database available at 'jdbc:h2:mem:testdb'
2024-11-29T15:36:49.047+03:00  INFO 18384 --- [accounts] [           main] o.hibernate.jpa.internal.util.LogHelper  : HHH000204: Processing PersistenceUnitInfo [name: default]
2024-11-29T15:36:49.269+03:00  INFO 18384 --- [accounts] [           main] org.hibernate.Version                    : HHH000412: Hibernate ORM core version 6.5.3.Final
2024-11-29T15:36:49.380+03:00  INFO 18384 --- [accounts] [           main] o.h.c.internal.RegionFactoryInitiator    : HHH000026: Second-level cache disabled
2024-11-29T15:36:50.266+03:00  INFO 18384 --- [accounts] [           main] o.s.o.j.p.SpringPersistenceUnitInfo      : No LoadTimeWeaver setup: ignoring JPA class transformer
2024-11-29T15:36:50.411+03:00  WARN 18384 --- [accounts] [           main] org.hibernate.orm.deprecation            : HHH90000025: H2Dialect does not need to be specified explicitly using 'hibernate.dialect' (remove the property setting and it will be selected by default)
2024-11-29T15:36:52.765+03:00  INFO 18384 --- [accounts] [           main] o.h.e.t.j.p.i.JtaPlatformInitiator       : HHH000489: No JTA platform available (set 'hibernate.transaction.jta.platform' to enable JTA platform integration)
Hibernate: alter table if exists accounts alter column account_number set data type bigint
Hibernate: alter table if exists accounts alter column created_at set data type timestamp(6)
Hibernate: alter table if exists accounts alter column created_by set data type varchar(255)
Hibernate: alter table if exists accounts alter column updated_at set data type timestamp(6)
Hibernate: alter table if exists accounts alter column updated_by set data type varchar(255)
Hibernate: alter table if exists accounts alter column account_type set data type varchar(255)
Hibernate: alter table if exists accounts alter column branch_address set data type varchar(255)
Hibernate: alter table if exists accounts alter column customer_id set data type bigint
Hibernate: alter table if exists customer alter column customer_id set data type bigint
Hibernate: alter table if exists customer alter column created_at set data type timestamp(6)
Hibernate: alter table if exists customer alter column created_by set data type varchar(255)
Hibernate: alter table if exists customer alter column updated_at set data type timestamp(6)
Hibernate: alter table if exists customer alter column updated_by set data type varchar(255)
Hibernate: alter table if exists customer alter column email set data type varchar(255)
Hibernate: alter table if exists customer alter column mobile_number set data type varchar(255)
Hibernate: alter table if exists customer alter column name set data type varchar(255)
2024-11-29T15:36:52.916+03:00  INFO 18384 --- [accounts] [           main] j.LocalContainerEntityManagerFactoryBean : Initialized JPA EntityManagerFactory for persistence unit 'default'
2024-11-29T15:36:54.718+03:00  WARN 18384 --- [accounts] [           main] JpaBaseConfiguration$JpaWebConfiguration : spring.jpa.open-in-view is enabled by default. Therefore, database queries may be performed during view rendering. Explicitly configure spring.jpa.open-in-view to disable this warning
2024-11-29T15:36:56.732+03:00  INFO 18384 --- [accounts] [           main] o.s.b.a.e.web.EndpointLinksResolver      : Exposing 1 endpoint beneath base path '/actuator'
2024-11-29T15:36:56.950+03:00  INFO 18384 --- [accounts] [           main] o.s.b.w.embedded.tomcat.TomcatWebServer  : Tomcat started on port 8080 (http) with context path '/'
2024-11-29T15:36:56.991+03:00  INFO 18384 --- [accounts] [           main] c.g.accounts.AccountsApplication         : Started AccountsApplication in 20.809 seconds (process running for 22.482)
2024-11-29T15:37:21.738+03:00  INFO 18384 --- [accounts] [nio-8080-exec-3] o.a.c.c.C.[Tomcat].[localhost].[/]       : Initializing Spring DispatcherServlet 'dispatcherServlet'
2024-11-29T15:37:21.739+03:00  INFO 18384 --- [accounts] [nio-8080-exec-3] o.s.web.servlet.DispatcherServlet        : Initializing Servlet 'dispatcherServlet'
2024-11-29T15:37:21.744+03:00  INFO 18384 --- [accounts] [nio-8080-exec-3] o.s.web.servlet.DispatcherServlet        : Completed initialization in 4 ms
Hibernate: select c1_0.customer_id,c1_0.created_at,c1_0.created_by,c1_0.email,c1_0.mobile_number,c1_0.name,c1_0.updated_at,c1_0.updated_by from customer c1_0 where c1_0.mobile_number=?
Hibernate: insert into customer (created_at,created_by,email,mobile_number,name,customer_id) values (?,?,?,?,?,default)
Hibernate: select a1_0.account_number,a1_0.account_type,a1_0.branch_address,a1_0.created_at,a1_0.created_by,a1_0.customer_id,a1_0.updated_at,a1_0.updated_by from accounts a1_0 where a1_0.account_number=?
Hibernate: insert into accounts (account_type,branch_address,created_at,created_by,customer_id,account_number) values (?,?,?,?,?,?)
Hibernate: select c1_0.customer_id,c1_0.created_at,c1_0.created_by,c1_0.email,c1_0.mobile_number,c1_0.name,c1_0.updated_at,c1_0.updated_by from customer c1_0 where c1_0.mobile_number=?
Hibernate: select a1_0.account_number,a1_0.account_type,a1_0.branch_address,a1_0.created_at,a1_0.created_by,a1_0.customer_id,a1_0.updated_at,a1_0.updated_by from accounts a1_0 where a1_0.customer_id=?
ccountsApplication         : Starting AccountsApplication v0.0.1-SNAPSHOT using Java 17.0.2 with PID 17288 (D:\Software Downloads\Spring Boot\Spring\SPRING Programming Tutorial  by Nagoor Babu Sir On 15-02-2019\VCS-Backend\Backend\Micro-services\Lobby\accounts\target\accounts-0.0.1-SNAPSHOT.jar started by tmi in D:\Software Downloads\Spring Boot\Spring\SPRING Programming Tutorial  by Nagoor Babu Sir On 15-02-2019\VCS-Backend\Backend\Micro-services\Lobby\accounts)
2024-11-29T15:39:32.684+03:00  INFO 17288 --- [accounts] [           main] c.g.accounts.AccountsApplication         : No active profile set, falling back to 1 default profile: "default"
2024-11-29T15:39:37.413+03:00  INFO 17288 --- [accounts] [           main] .s.d.r.c.RepositoryConfigurationDelegate : Bootstrapping Spring Data JPA repositories in DEFAULT mode.
2024-11-29T15:39:37.736+03:00  INFO 17288 --- [accounts] [           main] .s.d.r.c.RepositoryConfigurationDelegate : Finished Spring Data repository scanning in 290 ms. Found 2 JPA repository interfaces.
2024-11-29T15:39:41.933+03:00  INFO 17288 --- [accounts] [           main] o.s.b.w.embedded.tomcat.TomcatWebServer  : Tomcat initialized with port 8080 (http)
2024-11-29T15:39:41.966+03:00  INFO 17288 --- [accounts] [           main] o.apache.catalina.core.StandardService   : Starting service [Tomcat]
2024-11-29T15:39:41.967+03:00  INFO 17288 --- [accounts] [           main] o.apache.catalina.core.StandardEngine    : Starting Servlet engine: [Apache Tomcat/10.1.31]
2024-11-29T15:39:42.303+03:00  INFO 17288 --- [accounts] [           main] o.a.c.c.C.[Tomcat].[localhost].[/]       : Initializing Spring embedded WebApplicationContext
2024-11-29T15:39:42.309+03:00  INFO 17288 --- [accounts] [           main] w.s.c.ServletWebServerApplicationContext : Root WebApplicationContext: initialization completed in 9409 ms
2024-11-29T15:39:43.232+03:00  INFO 17288 --- [accounts] [           main] com.zaxxer.hikari.HikariDataSource       : HikariPool-1 - Starting...
2024-11-29T15:39:44.232+03:00  INFO 17288 --- [accounts] [           main] com.zaxxer.hikari.pool.HikariPool        : HikariPool-1 - Added connection conn0: url=jdbc:h2:mem:testdb user=SA
2024-11-29T15:39:44.235+03:00  INFO 17288 --- [accounts] [           main] com.zaxxer.hikari.HikariDataSource       : HikariPool-1 - Start completed.
2024-11-29T15:39:44.260+03:00  INFO 17288 --- [accounts] [           main] o.s.b.a.h2.H2ConsoleAutoConfiguration    : H2 console available at '/h2-console'. Database available at 'jdbc:h2:mem:testdb'
2024-11-29T15:39:45.211+03:00  INFO 17288 --- [accounts] [           main] o.hibernate.jpa.internal.util.LogHelper  : HHH000204: Processing PersistenceUnitInfo [name: default]
2024-11-29T15:39:45.422+03:00  INFO 17288 --- [accounts] [           main] org.hibernate.Version                    : HHH000412: Hibernate ORM core version 6.5.3.Final
2024-11-29T15:39:45.588+03:00  INFO 17288 --- [accounts] [           main] o.h.c.internal.RegionFactoryInitiator    : HHH000026: Second-level cache disabled
2024-11-29T15:39:46.471+03:00  INFO 17288 --- [accounts] [           main] o.s.o.j.p.SpringPersistenceUnitInfo      : No LoadTimeWeaver setup: ignoring JPA class transformer
2024-11-29T15:39:46.659+03:00  WARN 17288 --- [accounts] [           main] org.hibernate.orm.deprecation            : HHH90000025: H2Dialect does not need to be specified explicitly using 'hibernate.dialect' (remove the property setting and it will be selected by default)
2024-11-29T15:39:49.216+03:00  INFO 17288 --- [accounts] [           main] o.h.e.t.j.p.i.JtaPlatformInitiator       : HHH000489: No JTA platform available (set 'hibernate.transaction.jta.platform' to enable JTA platform integration)
Hibernate: alter table if exists accounts alter column account_number set data type bigint
Hibernate: alter table if exists accounts alter column created_at set data type timestamp(6)
Hibernate: alter table if exists accounts alter column created_by set data type varchar(255)
Hibernate: alter table if exists accounts alter column updated_at set data type timestamp(6)
Hibernate: alter table if exists accounts alter column updated_by set data type varchar(255)
Hibernate: alter table if exists accounts alter column account_type set data type varchar(255)
Hibernate: alter table if exists accounts alter column branch_address set data type varchar(255)
Hibernate: alter table if exists accounts alter column customer_id set data type bigint
Hibernate: alter table if exists customer alter column customer_id set data type bigint
Hibernate: alter table if exists customer alter column created_at set data type timestamp(6)
Hibernate: alter table if exists customer alter column created_by set data type varchar(255)
Hibernate: alter table if exists customer alter column updated_at set data type timestamp(6)
Hibernate: alter table if exists customer alter column updated_by set data type varchar(255)
Hibernate: alter table if exists customer alter column email set data type varchar(255)
Hibernate: alter table if exists customer alter column mobile_number set data type varchar(255)
Hibernate: alter table if exists customer alter column name set data type varchar(255)
2024-11-29T15:39:49.433+03:00  INFO 17288 --- [accounts] [           main] j.LocalContainerEntityManagerFactoryBean : Initialized JPA EntityManagerFactory for persistence unit 'default'
2024-11-29T15:39:53.071+03:00  WARN 17288 --- [accounts] [           main] JpaBaseConfiguration$JpaWebConfiguration : spring.jpa.open-in-view is enabled by default. Therefore, database queries may be performed during view rendering. Explicitly configure spring.jpa.open-in-view to disable this warning
2024-11-29T15:39:56.364+03:00  INFO 17288 --- [accounts] [           main] o.s.b.a.e.web.EndpointLinksResolver      : Exposing 1 endpoint beneath base path '/actuator'
2024-11-29T15:39:56.714+03:00  WARN 17288 --- [accounts] [           main] ConfigServletWebServerApplicationContext : Exception encountered during context initialization - cancelling refresh attempt: org.springframework.context.ApplicationContextException: Failed to start bean 'webServerStartStop'
2024-11-29T15:39:56.728+03:00  INFO 17288 --- [accounts] [           main] j.LocalContainerEntityManagerFactoryBean : Closing JPA EntityManagerFactory for persistence unit 'default'
2024-11-29T15:39:56.741+03:00  INFO 17288 --- [accounts] [           main] com.zaxxer.hikari.HikariDataSource       : HikariPool-1 - Shutdown initiated...
2024-11-29T15:39:56.927+03:00  INFO 17288 --- [accounts] [           main] com.zaxxer.hikari.HikariDataSource       : HikariPool-1 - Shutdown completed.
2024-11-29T15:39:57.024+03:00  INFO 17288 --- [accounts] [           main] .s.b.a.l.ConditionEvaluationReportLogger : 

Error starting ApplicationContext. To display the condition evaluation report re-run your application with 'debug' enabled.
2024-11-29T15:39:57.191+03:00 ERROR 17288 --- [accounts] [           main] o.s.b.d.LoggingFailureAnalysisReporter   : 

***************************
APPLICATION FAILED TO START
***************************

Description:

Web server failed to start. Port 8080 was already in use.

Action:

Identify and stop the process that's listening on port 8080 or configure this application to listen on another port.

